[2017-07-02 21:46:22] main.INFO: Item Magento_Backend::system_currency was removed [] []
[2017-07-02 21:46:22] main.INFO: Add of item with id Magento_Theme::design_config was processed [] []
[2017-07-02 21:46:22] main.INFO: Add of item with id Magento_Theme::system_design_theme was processed [] []
[2017-07-02 21:46:22] main.INFO: Add of item with id Magento_Backend::system_design_schedule was processed [] []
[2017-07-02 21:46:22] main.INFO: Add of item with id Magento_Backend::system_store was processed [] []
[2017-07-02 21:46:22] main.INFO: Add of item with id Magento_Backend::dashboard was processed [] []
[2017-07-02 21:46:22] main.INFO: Add of item with id Magento_Backend::system was processed [] []
[2017-07-02 21:46:22] main.INFO: Add of item with id Magento_Backend::system_tools was processed [] []
[2017-07-02 21:46:22] main.INFO: Add of item with id Magento_Backend::system_design was processed [] []
[2017-07-02 21:46:22] main.INFO: Add of item with id Magento_Backend::system_convert was processed [] []
[2017-07-02 21:46:22] main.INFO: Add of item with id Magento_Backend::system_cache was processed [] []
[2017-07-02 21:46:22] main.INFO: Add of item with id Magento_Backend::marketing was processed [] []
[2017-07-02 21:46:22] main.INFO: Add of item with id Magento_Backend::marketing_communications was processed [] []
[2017-07-02 21:46:22] main.INFO: Add of item with id Magento_Backend::marketing_seo was processed [] []
[2017-07-02 21:46:22] main.INFO: Add of item with id Magento_Backend::marketing_user_content was processed [] []
[2017-07-02 21:46:22] main.INFO: Add of item with id Magento_Backend::content was processed [] []
[2017-07-02 21:46:22] main.INFO: Add of item with id Magento_Backend::content_elements was processed [] []
[2017-07-02 21:46:22] main.INFO: Add of item with id Magento_Backend::stores was processed [] []
[2017-07-02 21:46:22] main.INFO: Add of item with id Magento_Backend::stores_settings was processed [] []
[2017-07-02 21:46:22] main.INFO: Add of item with id Magento_Backend::stores_attributes was processed [] []
[2017-07-02 21:46:22] main.INFO: Add of item with id Magento_Backend::other_settings was processed [] []
[2017-07-02 21:46:22] main.INFO: Add of item with id Magento_Backend::system_other_settings was processed [] []
[2017-07-02 21:46:22] main.INFO: Add of item with id Magento_Backend::setup_wizard was processed [] []
[2017-07-02 21:46:22] main.INFO: Add of item with id Magento_Backup::system_tools_backup was processed [] []
[2017-07-02 21:46:22] main.INFO: Add of item with id Magento_Customer::customer was processed [] []
[2017-07-02 21:46:22] main.INFO: Add of item with id Magento_Customer::customer_manage was processed [] []
[2017-07-02 21:46:22] main.INFO: Add of item with id Magento_Customer::customer_online was processed [] []
[2017-07-02 21:46:22] main.INFO: Add of item with id Magento_Customer::customer_group was processed [] []
[2017-07-02 21:46:22] main.INFO: Add of item with id Magento_AdminNotification::system_adminnotification was processed [] []
[2017-07-02 21:46:22] main.INFO: Add of item with id Magento_Indexer::system_index was processed [] []
[2017-07-02 21:46:22] main.INFO: Add of item with id Magento_Cms::cms_page was processed [] []
[2017-07-02 21:46:22] main.INFO: Add of item with id Magento_Cms::cms_block was processed [] []
[2017-07-02 21:46:22] main.INFO: Add of item with id Magento_Catalog::catalog was processed [] []
[2017-07-02 21:46:22] main.INFO: Add of item with id Magento_Catalog::catalog_products was processed [] []
[2017-07-02 21:46:22] main.INFO: Add of item with id Magento_Catalog::catalog_categories was processed [] []
[2017-07-02 21:46:22] main.INFO: Add of item with id Magento_Catalog::catalog_attributes_attributes was processed [] []
[2017-07-02 21:46:22] main.INFO: Add of item with id Magento_Catalog::catalog_attributes_sets was processed [] []
[2017-07-02 21:46:22] main.INFO: Add of item with id Magento_Catalog::inventory was processed [] []
[2017-07-02 21:46:22] main.INFO: Add of item with id Magento_Search::search_terms was processed [] []
[2017-07-02 21:46:22] main.INFO: Add of item with id Magento_Search::search_synonyms was processed [] []
[2017-07-02 21:46:22] main.INFO: Add of item with id Magento_Widget::cms_widget_instance was processed [] []
[2017-07-02 21:46:22] main.INFO: Add of item with id Magento_CheckoutAgreements::sales_checkoutagreement was processed [] []
[2017-07-02 21:46:22] main.INFO: Add of item with id Magento_Config::system_config was processed [] []
[2017-07-02 21:46:22] main.INFO: Add of item with id Magento_Downloadable::report_products_downloads was processed [] []
[2017-07-02 21:46:22] main.INFO: Add of item with id Magento_CurrencySymbol::system_currency was processed [] []
[2017-07-02 21:46:22] main.INFO: Add of item with id Magento_CurrencySymbol::system_currency_rates was processed [] []
[2017-07-02 21:46:22] main.INFO: Add of item with id Magento_CurrencySymbol::system_currency_symbols was processed [] []
[2017-07-02 21:46:22] main.INFO: Add of item with id Magento_User::system_acl was processed [] []
[2017-07-02 21:46:22] main.INFO: Add of item with id Magento_User::system_acl_users was processed [] []
[2017-07-02 21:46:22] main.INFO: Add of item with id Magento_User::system_acl_roles was processed [] []
[2017-07-02 21:46:22] main.INFO: Add of item with id Magento_User::system_acl_locks was processed [] []
[2017-07-02 21:46:22] main.INFO: Add of item with id Magento_ImportExport::system_convert_import was processed [] []
[2017-07-02 21:46:22] main.INFO: Add of item with id Magento_ImportExport::system_convert_export was processed [] []
[2017-07-02 21:46:22] main.INFO: Add of item with id Magento_ImportExport::system_convert_history was processed [] []
[2017-07-02 21:46:22] main.INFO: Add of item with id Magento_CatalogRule::promo was processed [] []
[2017-07-02 21:46:22] main.INFO: Add of item with id Magento_CatalogRule::promo_catalog was processed [] []
[2017-07-02 21:46:22] main.INFO: Add of item with id Magento_Sales::sales was processed [] []
[2017-07-02 21:46:22] main.INFO: Add of item with id Magento_Sales::sales_operation was processed [] []
[2017-07-02 21:46:22] main.INFO: Add of item with id Magento_Sales::sales_order was processed [] []
[2017-07-02 21:46:22] main.INFO: Add of item with id Magento_Sales::sales_invoice was processed [] []
[2017-07-02 21:46:22] main.INFO: Add of item with id Magento_Sales::sales_shipment was processed [] []
[2017-07-02 21:46:22] main.INFO: Add of item with id Magento_Sales::sales_creditmemo was processed [] []
[2017-07-02 21:46:22] main.INFO: Add of item with id Magento_Sales::sales_transactions was processed [] []
[2017-07-02 21:46:22] main.INFO: Add of item with id Magento_Sales::system_order_statuses was processed [] []
[2017-07-02 21:46:22] main.INFO: Add of item with id Magento_Email::template was processed [] []
[2017-07-02 21:46:22] main.INFO: Add of item with id Magento_EncryptionKey::system_crypt_key was processed [] []
[2017-07-02 21:46:22] main.INFO: Add of item with id Magento_Tax::sales_tax was processed [] []
[2017-07-02 21:46:22] main.INFO: Add of item with id Magento_Tax::sales_tax_rules was processed [] []
[2017-07-02 21:46:22] main.INFO: Add of item with id Magento_Tax::sales_tax_rates was processed [] []
[2017-07-02 21:46:22] main.INFO: Add of item with id Magento_Marketplace::partners was processed [] []
[2017-07-02 21:46:22] main.INFO: Add of item with id Magento_Newsletter::newsletter_template was processed [] []
[2017-07-02 21:46:22] main.INFO: Add of item with id Magento_Newsletter::newsletter_queue was processed [] []
[2017-07-02 21:46:22] main.INFO: Add of item with id Magento_Newsletter::newsletter_subscriber was processed [] []
[2017-07-02 21:46:22] main.INFO: Add of item with id Magento_Newsletter::newsletter_problem was processed [] []
[2017-07-02 21:46:22] main.INFO: Add of item with id Magento_SalesRule::promo_quote was processed [] []
[2017-07-02 21:46:22] main.INFO: Add of item with id Magento_Paypal::report_salesroot_paypal_settlement_reports was processed [] []
[2017-07-02 21:46:22] main.INFO: Add of item with id Magento_Paypal::paypal_billing_agreement was processed [] []
[2017-07-02 21:46:22] main.INFO: Add of item with id Magento_Reports::report was processed [] []
[2017-07-02 21:46:22] main.INFO: Add of item with id Magento_Reports::report_marketing was processed [] []
[2017-07-02 21:46:22] main.INFO: Add of item with id Magento_Reports::report_salesroot was processed [] []
[2017-07-02 21:46:22] main.INFO: Add of item with id Magento_Reports::report_salesroot_sales was processed [] []
[2017-07-02 21:46:22] main.INFO: Add of item with id Magento_Reports::report_salesroot_tax was processed [] []
[2017-07-02 21:46:22] main.INFO: Add of item with id Magento_Reports::report_salesroot_invoiced was processed [] []
[2017-07-02 21:46:22] main.INFO: Add of item with id Magento_Reports::report_salesroot_shipping was processed [] []
[2017-07-02 21:46:22] main.INFO: Add of item with id Magento_Reports::report_salesroot_refunded was processed [] []
[2017-07-02 21:46:22] main.INFO: Add of item with id Magento_Reports::report_salesroot_coupons was processed [] []
[2017-07-02 21:46:22] main.INFO: Add of item with id Magento_Reports::report_shopcart_product was processed [] []
[2017-07-02 21:46:22] main.INFO: Add of item with id Magento_Reports::report_shopcart_abandoned was processed [] []
[2017-07-02 21:46:22] main.INFO: Add of item with id Magento_Reports::report_products was processed [] []
[2017-07-02 21:46:22] main.INFO: Add of item with id Magento_Reports::report_products_bestsellers was processed [] []
[2017-07-02 21:46:22] main.INFO: Add of item with id Magento_Reports::report_products_sold was processed [] []
[2017-07-02 21:46:22] main.INFO: Add of item with id Magento_Reports::report_products_viewed was processed [] []
[2017-07-02 21:46:22] main.INFO: Add of item with id Magento_Reports::report_products_lowstock was processed [] []
[2017-07-02 21:46:22] main.INFO: Add of item with id Magento_Reports::report_customers was processed [] []
[2017-07-02 21:46:22] main.INFO: Add of item with id Magento_Reports::report_customers_accounts was processed [] []
[2017-07-02 21:46:22] main.INFO: Add of item with id Magento_Reports::report_customers_totals was processed [] []
[2017-07-02 21:46:22] main.INFO: Add of item with id Magento_Reports::report_customers_orders was processed [] []
[2017-07-02 21:46:22] main.INFO: Add of item with id Magento_Reports::report_statistics was processed [] []
[2017-07-02 21:46:22] main.INFO: Add of item with id Magento_Reports::report_statistics_refresh was processed [] []
[2017-07-02 21:46:22] main.INFO: Add of item with id Magento_Search::report_search_term was processed [] []
[2017-07-02 21:46:22] main.INFO: Add of item with id Magento_Review::catalog_reviews_ratings_ratings was processed [] []
[2017-07-02 21:46:22] main.INFO: Add of item with id Magento_Review::catalog_reviews_ratings_reviews_all was processed [] []
[2017-07-02 21:46:22] main.INFO: Add of item with id Magento_Review::report_review was processed [] []
[2017-07-02 21:46:22] main.INFO: Add of item with id Magento_Review::report_review_customer was processed [] []
[2017-07-02 21:46:22] main.INFO: Add of item with id Magento_Review::report_review_product was processed [] []
[2017-07-02 21:46:22] main.INFO: Add of item with id Magento_Integration::system_extensions was processed [] []
[2017-07-02 21:46:22] main.INFO: Add of item with id Magento_Integration::system_integrations was processed [] []
[2017-07-02 21:46:22] main.INFO: Add of item with id Magento_Sitemap::catalog_sitemap was processed [] []
[2017-07-02 21:46:22] main.INFO: Add of item with id Magento_TaxImportExport::system_convert_tax was processed [] []
[2017-07-02 21:46:22] main.INFO: Add of item with id Magento_UrlRewrite::urlrewrite was processed [] []
[2017-07-02 21:46:22] main.INFO: Add of item with id Magento_Variable::system_variable was processed [] []
[2017-07-02 21:46:22] main.INFO: Add of item with id Magento_Braintree::settlement_report was processed [] []
[2017-07-02 21:53:00] main.INFO: Cache file with merged layout: LAYOUT_frontend_STORE1_2d29b948f56d4cafccc79633412bf8282 and handles default, catalog_category_view, catalog_category_view_type_default, catalog_category_view_id_11, catalog_category_view_layout_update_680a89c63ad8009fef6e1a9900eab84e: Please correct the XML data and try again.  [] []
[2017-07-02 21:53:00] main.INFO: Cache file with merged layout: LAYOUT_frontend_STORE1_2a7ccd8094436548b564a588f6303121c and handles 2columns-left: Please correct the XML data and try again.  [] []
[2017-07-02 21:53:00] main.INFO: Cache file with merged layout: LAYOUT_frontend_STORE1_26f1b068ec7ccf4878f9284dd1137afd1 and handles catalog_product_prices: Please correct the XML data and try again.  [] []
[2017-07-02 21:55:39] main.INFO: Cache file with merged layout: LAYOUT_frontend_STORE1_2620ef68d62f36278acd4050dfec7fab7 and handles default, catalog_category_view, catalog_category_view_type_default, catalog_category_view_id_20, catalog_category_view_layout_update_680a89c63ad8009fef6e1a9900eab84e: Please correct the XML data and try again.  [] []
[2017-07-02 21:55:41] main.INFO: Cache file with merged layout: LAYOUT_frontend_STORE1_2c7461af04bb11fe209659d7147d2c579 and handles default, cms_index_index, cms_page_view, cms_index_index_id_home: Please correct the XML data and try again.  [] []
[2017-07-02 21:55:41] main.INFO: Cache file with merged layout: LAYOUT_frontend_STORE1_20a98983867a1770682b48d9a0ad63441 and handles 1column: Please correct the XML data and try again.  [] []
[2017-07-02 21:55:42] main.CRITICAL: Broken reference: the 'catalog.compare.sidebar' element cannot be added as child to 'sidebar.additional', because the latter doesn't exist [] []
[2017-07-02 21:55:42] main.CRITICAL: Broken reference: the 'sale.reorder.sidebar' element cannot be added as child to 'sidebar.additional', because the latter doesn't exist [] []
[2017-07-02 21:55:42] main.CRITICAL: Broken reference: the 'wishlist_sidebar' element cannot be added as child to 'sidebar.additional', because the latter doesn't exist [] []
[2017-07-02 21:55:42] main.CRITICAL: Broken reference: the 'paypal.partner.right.logo' element cannot be added as child to 'sidebar.additional', because the latter doesn't exist [] []
[2017-07-02 21:55:42] main.CRITICAL: Broken reference: the 'bml.right.logo' element cannot be added as child to 'sidebar.additional', because the latter doesn't exist [] []
[2017-07-02 22:00:01] main.INFO: Cache file with merged layout: LAYOUT_frontend_STORE1_27d0cac6ca0e263e538e39ac2d87580a9 and handles default, catalog_category_view, catalog_category_view_type_default, catalog_category_view_id_3, catalog_category_view_layout_update_680a89c63ad8009fef6e1a9900eab84e: Please correct the XML data and try again.  [] []
[2017-07-02 22:00:09] main.INFO: Cache file with merged layout: LAYOUT_adminhtml_STORE1_3e6fe115ba31d500509103893a62701cf and handles default, catalog_product_index: Please correct the XML data and try again.  [] []
[2017-07-02 22:00:09] main.INFO: Cache file with merged layout: LAYOUT_adminhtml_STORE1_3cf9ab1b1723bedc1dcd665a812b00335 and handles admin-1column: Please correct the XML data and try again.  [] []
[2017-07-02 22:00:09] main.CRITICAL: Broken reference: the 'header' tries to reorder itself towards 'global.notices', but their parents are different: 'page.wrapper' and 'notices.wrapper' respectively. [] []
[2017-07-02 22:00:09] main.CRITICAL: Broken reference: the 'page.breadcrumbs' tries to reorder itself towards 'notifications', but their parents are different: 'page.wrapper' and 'notices.wrapper' respectively. [] []
[2017-07-02 22:00:09] main.CRITICAL: Broken reference: the 'global.search' tries to reorder itself towards 'notification.messages', but their parents are different: 'header.inner.right' and 'header' respectively. [] []
[2017-07-02 22:00:09] main.INFO: Cache file with merged layout: LAYOUT_adminhtml_STORE1_36f1b068ec7ccf4878f9284dd1137afd1 and handles catalog_product_prices: Please correct the XML data and try again.  [] []
[2017-07-02 22:00:09] main.INFO: Item Magento_Backend::system_currency was removed [] []
[2017-07-02 22:00:09] main.INFO: Add of item with id Magento_Theme::design_config was processed [] []
[2017-07-02 22:00:09] main.INFO: Add of item with id Magento_Theme::system_design_theme was processed [] []
[2017-07-02 22:00:09] main.INFO: Add of item with id Magento_Backend::system_design_schedule was processed [] []
[2017-07-02 22:00:09] main.INFO: Add of item with id Magento_Backend::system_store was processed [] []
[2017-07-02 22:00:09] main.INFO: Add of item with id Magento_Backend::dashboard was processed [] []
[2017-07-02 22:00:09] main.INFO: Add of item with id Magento_Backend::system was processed [] []
[2017-07-02 22:00:09] main.INFO: Add of item with id Magento_Backend::system_tools was processed [] []
[2017-07-02 22:00:09] main.INFO: Add of item with id Magento_Backend::system_design was processed [] []
[2017-07-02 22:00:09] main.INFO: Add of item with id Magento_Backend::system_convert was processed [] []
[2017-07-02 22:00:09] main.INFO: Add of item with id Magento_Backend::system_cache was processed [] []
[2017-07-02 22:00:09] main.INFO: Add of item with id Magento_Backend::marketing was processed [] []
[2017-07-02 22:00:09] main.INFO: Add of item with id Magento_Backend::marketing_communications was processed [] []
[2017-07-02 22:00:09] main.INFO: Add of item with id Magento_Backend::marketing_seo was processed [] []
[2017-07-02 22:00:09] main.INFO: Add of item with id Magento_Backend::marketing_user_content was processed [] []
[2017-07-02 22:00:09] main.INFO: Add of item with id Magento_Backend::content was processed [] []
[2017-07-02 22:00:09] main.INFO: Add of item with id Magento_Backend::content_elements was processed [] []
[2017-07-02 22:00:09] main.INFO: Add of item with id Magento_Backend::stores was processed [] []
[2017-07-02 22:00:09] main.INFO: Add of item with id Magento_Backend::stores_settings was processed [] []
[2017-07-02 22:00:09] main.INFO: Add of item with id Magento_Backend::stores_attributes was processed [] []
[2017-07-02 22:00:09] main.INFO: Add of item with id Magento_Backend::other_settings was processed [] []
[2017-07-02 22:00:09] main.INFO: Add of item with id Magento_Backend::system_other_settings was processed [] []
[2017-07-02 22:00:09] main.INFO: Add of item with id Magento_Backend::setup_wizard was processed [] []
[2017-07-02 22:00:09] main.INFO: Add of item with id Magento_Backup::system_tools_backup was processed [] []
[2017-07-02 22:00:09] main.INFO: Add of item with id Magento_Customer::customer was processed [] []
[2017-07-02 22:00:09] main.INFO: Add of item with id Magento_Customer::customer_manage was processed [] []
[2017-07-02 22:00:09] main.INFO: Add of item with id Magento_Customer::customer_online was processed [] []
[2017-07-02 22:00:09] main.INFO: Add of item with id Magento_Customer::customer_group was processed [] []
[2017-07-02 22:00:09] main.INFO: Add of item with id Magento_AdminNotification::system_adminnotification was processed [] []
[2017-07-02 22:00:09] main.INFO: Add of item with id Magento_Indexer::system_index was processed [] []
[2017-07-02 22:00:09] main.INFO: Add of item with id Magento_Cms::cms_page was processed [] []
[2017-07-02 22:00:09] main.INFO: Add of item with id Magento_Cms::cms_block was processed [] []
[2017-07-02 22:00:09] main.INFO: Add of item with id Magento_Catalog::catalog was processed [] []
[2017-07-02 22:00:09] main.INFO: Add of item with id Magento_Catalog::catalog_products was processed [] []
[2017-07-02 22:00:09] main.INFO: Add of item with id Magento_Catalog::catalog_categories was processed [] []
[2017-07-02 22:00:09] main.INFO: Add of item with id Magento_Catalog::catalog_attributes_attributes was processed [] []
[2017-07-02 22:00:09] main.INFO: Add of item with id Magento_Catalog::catalog_attributes_sets was processed [] []
[2017-07-02 22:00:09] main.INFO: Add of item with id Magento_Catalog::inventory was processed [] []
[2017-07-02 22:00:09] main.INFO: Add of item with id Magento_Search::search_terms was processed [] []
[2017-07-02 22:00:09] main.INFO: Add of item with id Magento_Search::search_synonyms was processed [] []
[2017-07-02 22:00:09] main.INFO: Add of item with id Magento_Widget::cms_widget_instance was processed [] []
[2017-07-02 22:00:09] main.INFO: Add of item with id Magento_CheckoutAgreements::sales_checkoutagreement was processed [] []
[2017-07-02 22:00:09] main.INFO: Add of item with id Magento_Config::system_config was processed [] []
[2017-07-02 22:00:09] main.INFO: Add of item with id Magento_Downloadable::report_products_downloads was processed [] []
[2017-07-02 22:00:09] main.INFO: Add of item with id Magento_CurrencySymbol::system_currency was processed [] []
[2017-07-02 22:00:09] main.INFO: Add of item with id Magento_CurrencySymbol::system_currency_rates was processed [] []
[2017-07-02 22:00:09] main.INFO: Add of item with id Magento_CurrencySymbol::system_currency_symbols was processed [] []
[2017-07-02 22:00:09] main.INFO: Add of item with id Magento_User::system_acl was processed [] []
[2017-07-02 22:00:09] main.INFO: Add of item with id Magento_User::system_acl_users was processed [] []
[2017-07-02 22:00:09] main.INFO: Add of item with id Magento_User::system_acl_roles was processed [] []
[2017-07-02 22:00:09] main.INFO: Add of item with id Magento_User::system_acl_locks was processed [] []
[2017-07-02 22:00:09] main.INFO: Add of item with id Magento_ImportExport::system_convert_import was processed [] []
[2017-07-02 22:00:09] main.INFO: Add of item with id Magento_ImportExport::system_convert_export was processed [] []
[2017-07-02 22:00:09] main.INFO: Add of item with id Magento_ImportExport::system_convert_history was processed [] []
[2017-07-02 22:00:09] main.INFO: Add of item with id Magento_CatalogRule::promo was processed [] []
[2017-07-02 22:00:09] main.INFO: Add of item with id Magento_CatalogRule::promo_catalog was processed [] []
[2017-07-02 22:00:09] main.INFO: Add of item with id Magento_Sales::sales was processed [] []
[2017-07-02 22:00:09] main.INFO: Add of item with id Magento_Sales::sales_operation was processed [] []
[2017-07-02 22:00:09] main.INFO: Add of item with id Magento_Sales::sales_order was processed [] []
[2017-07-02 22:00:09] main.INFO: Add of item with id Magento_Sales::sales_invoice was processed [] []
[2017-07-02 22:00:09] main.INFO: Add of item with id Magento_Sales::sales_shipment was processed [] []
[2017-07-02 22:00:09] main.INFO: Add of item with id Magento_Sales::sales_creditmemo was processed [] []
[2017-07-02 22:00:09] main.INFO: Add of item with id Magento_Sales::sales_transactions was processed [] []
[2017-07-02 22:00:09] main.INFO: Add of item with id Magento_Sales::system_order_statuses was processed [] []
[2017-07-02 22:00:09] main.INFO: Add of item with id Magento_Email::template was processed [] []
[2017-07-02 22:00:09] main.INFO: Add of item with id Magento_EncryptionKey::system_crypt_key was processed [] []
[2017-07-02 22:00:09] main.INFO: Add of item with id Magento_Tax::sales_tax was processed [] []
[2017-07-02 22:00:09] main.INFO: Add of item with id Magento_Tax::sales_tax_rules was processed [] []
[2017-07-02 22:00:09] main.INFO: Add of item with id Magento_Tax::sales_tax_rates was processed [] []
[2017-07-02 22:00:09] main.INFO: Add of item with id Magento_Marketplace::partners was processed [] []
[2017-07-02 22:00:09] main.INFO: Add of item with id Magento_Newsletter::newsletter_template was processed [] []
[2017-07-02 22:00:09] main.INFO: Add of item with id Magento_Newsletter::newsletter_queue was processed [] []
[2017-07-02 22:00:09] main.INFO: Add of item with id Magento_Newsletter::newsletter_subscriber was processed [] []
[2017-07-02 22:00:09] main.INFO: Add of item with id Magento_Newsletter::newsletter_problem was processed [] []
[2017-07-02 22:00:09] main.INFO: Add of item with id Magento_SalesRule::promo_quote was processed [] []
[2017-07-02 22:00:09] main.INFO: Add of item with id Magento_Paypal::report_salesroot_paypal_settlement_reports was processed [] []
[2017-07-02 22:00:09] main.INFO: Add of item with id Magento_Paypal::paypal_billing_agreement was processed [] []
[2017-07-02 22:00:09] main.INFO: Add of item with id Magento_Reports::report was processed [] []
[2017-07-02 22:00:09] main.INFO: Add of item with id Magento_Reports::report_marketing was processed [] []
[2017-07-02 22:00:09] main.INFO: Add of item with id Magento_Reports::report_salesroot was processed [] []
[2017-07-02 22:00:09] main.INFO: Add of item with id Magento_Reports::report_salesroot_sales was processed [] []
[2017-07-02 22:00:09] main.INFO: Add of item with id Magento_Reports::report_salesroot_tax was processed [] []
[2017-07-02 22:00:09] main.INFO: Add of item with id Magento_Reports::report_salesroot_invoiced was processed [] []
[2017-07-02 22:00:09] main.INFO: Add of item with id Magento_Reports::report_salesroot_shipping was processed [] []
[2017-07-02 22:00:09] main.INFO: Add of item with id Magento_Reports::report_salesroot_refunded was processed [] []
[2017-07-02 22:00:09] main.INFO: Add of item with id Magento_Reports::report_salesroot_coupons was processed [] []
[2017-07-02 22:00:09] main.INFO: Add of item with id Magento_Reports::report_shopcart_product was processed [] []
[2017-07-02 22:00:09] main.INFO: Add of item with id Magento_Reports::report_shopcart_abandoned was processed [] []
[2017-07-02 22:00:09] main.INFO: Add of item with id Magento_Reports::report_products was processed [] []
[2017-07-02 22:00:09] main.INFO: Add of item with id Magento_Reports::report_products_bestsellers was processed [] []
[2017-07-02 22:00:09] main.INFO: Add of item with id Magento_Reports::report_products_sold was processed [] []
[2017-07-02 22:00:09] main.INFO: Add of item with id Magento_Reports::report_products_viewed was processed [] []
[2017-07-02 22:00:09] main.INFO: Add of item with id Magento_Reports::report_products_lowstock was processed [] []
[2017-07-02 22:00:09] main.INFO: Add of item with id Magento_Reports::report_customers was processed [] []
[2017-07-02 22:00:09] main.INFO: Add of item with id Magento_Reports::report_customers_accounts was processed [] []
[2017-07-02 22:00:09] main.INFO: Add of item with id Magento_Reports::report_customers_totals was processed [] []
[2017-07-02 22:00:09] main.INFO: Add of item with id Magento_Reports::report_customers_orders was processed [] []
[2017-07-02 22:00:09] main.INFO: Add of item with id Magento_Reports::report_statistics was processed [] []
[2017-07-02 22:00:09] main.INFO: Add of item with id Magento_Reports::report_statistics_refresh was processed [] []
[2017-07-02 22:00:09] main.INFO: Add of item with id Magento_Search::report_search_term was processed [] []
[2017-07-02 22:00:09] main.INFO: Add of item with id Magento_Review::catalog_reviews_ratings_ratings was processed [] []
[2017-07-02 22:00:09] main.INFO: Add of item with id Magento_Review::catalog_reviews_ratings_reviews_all was processed [] []
[2017-07-02 22:00:09] main.INFO: Add of item with id Magento_Review::report_review was processed [] []
[2017-07-02 22:00:09] main.INFO: Add of item with id Magento_Review::report_review_customer was processed [] []
[2017-07-02 22:00:09] main.INFO: Add of item with id Magento_Review::report_review_product was processed [] []
[2017-07-02 22:00:09] main.INFO: Add of item with id Magento_Integration::system_extensions was processed [] []
[2017-07-02 22:00:09] main.INFO: Add of item with id Magento_Integration::system_integrations was processed [] []
[2017-07-02 22:00:09] main.INFO: Add of item with id Magento_Sitemap::catalog_sitemap was processed [] []
[2017-07-02 22:00:09] main.INFO: Add of item with id Magento_TaxImportExport::system_convert_tax was processed [] []
[2017-07-02 22:00:09] main.INFO: Add of item with id Magento_UrlRewrite::urlrewrite was processed [] []
[2017-07-02 22:00:09] main.INFO: Add of item with id Magento_Variable::system_variable was processed [] []
[2017-07-02 22:00:09] main.INFO: Add of item with id Magento_Braintree::settlement_report was processed [] []
[2017-07-02 22:00:38] main.INFO: Cache file with merged layout: LAYOUT_adminhtml_STORE0_3a828e091252a8ca686703b2c072394bd and handles default, catalog_product_edit, catalog_product_simple: Please correct the XML data and try again.  [] []
[2017-07-02 22:00:38] main.INFO: Cache file with merged layout: LAYOUT_adminhtml_STORE0_3cf9ab1b1723bedc1dcd665a812b00335 and handles admin-1column: Please correct the XML data and try again.  [] []
[2017-07-02 22:00:38] main.CRITICAL: Broken reference: the 'product.reviews' element cannot be added as child to 'product_tabs', because the latter doesn't exist [] []
[2017-07-02 22:00:38] main.CRITICAL: Broken reference: the 'header' tries to reorder itself towards 'global.notices', but their parents are different: 'page.wrapper' and 'notices.wrapper' respectively. [] []
[2017-07-02 22:00:38] main.CRITICAL: Broken reference: the 'page.breadcrumbs' tries to reorder itself towards 'notifications', but their parents are different: 'page.wrapper' and 'notices.wrapper' respectively. [] []
[2017-07-02 22:00:38] main.CRITICAL: Broken reference: the 'global.search' tries to reorder itself towards 'notification.messages', but their parents are different: 'header.inner.right' and 'header' respectively. [] []
[2017-07-02 22:00:39] main.INFO: Cache file with merged layout: LAYOUT_adminhtml_STORE0_36f1b068ec7ccf4878f9284dd1137afd1 and handles catalog_product_prices: Please correct the XML data and try again.  [] []
[2017-07-02 22:00:49] main.INFO: Cache file with merged layout: LAYOUT_frontend_STORE1_2e1072bbf3760c89324536f4f0119b636 and handles default, catalog_category_view, catalog_category_view_type_layered, catalog_category_view_type_layered_without_children, catalog_category_view_id_4: Please correct the XML data and try again.  [] []
[2017-07-02 22:00:54] main.INFO: Cache file with merged layout: LAYOUT_frontend_STORE1_2fcf5b9777f09ce2fb7b4f012755edab7 and handles default, catalog_product_view, catalog_product_view_id_1, catalog_product_view_sku_24-MB01, catalog_product_view_type_simple: Please correct the XML data and try again.  [] []
[2017-07-02 22:00:54] main.CRITICAL: Broken reference: the 'catalog.compare.sidebar' element cannot be added as child to 'sidebar.additional', because the latter doesn't exist [] []
[2017-07-02 22:00:54] main.CRITICAL: Broken reference: the 'sale.reorder.sidebar' element cannot be added as child to 'sidebar.additional', because the latter doesn't exist [] []
[2017-07-02 22:00:54] main.CRITICAL: Broken reference: the 'wishlist_sidebar' element cannot be added as child to 'sidebar.additional', because the latter doesn't exist [] []
[2017-07-02 22:00:54] main.CRITICAL: Broken reference: the 'product.info.price' tries to reorder itself towards 'product.info.review', but their parents are different: 'product.info.main' and 'product.info.price' respectively. [] []
[2017-07-02 22:00:54] main.CRITICAL: Broken reference: the 'product.price.final' tries to reorder itself towards 'product.info.sku', but their parents are different: 'product.info.price' and 'product.info.stock.sku' respectively. [] []
[2017-07-02 22:00:54] main.CRITICAL: Broken reference: the 'product.info.social' tries to reorder itself towards 'product.info.overview', but their parents are different: 'product.info.extrahint' and 'product.info.main' respectively. [] []
[2017-07-02 22:00:54] main.CRITICAL: Broken reference: the 'view.addto.wishlist' tries to reorder itself towards 'view.addto.requisition', but their parents are different: 'product.info.addto' and '' respectively. [] []
[2017-07-02 22:00:54] main.CRITICAL: Broken reference: the 'bml.right.logo' tries to reorder itself towards 'product.info.addtocart.paypal', but their parents are different: 'product.info.addtocart' and '' respectively. [] []
[2017-07-02 22:00:56] main.INFO: Cache file with merged layout: LAYOUT_frontend_STORE1_2c7dd4384a0ea945ae0d791fa12c5fba3 and handles review_product_listajax: Please correct the XML data and try again.  [] []
[2017-07-02 22:00:56] main.INFO: Cache file with merged layout: LAYOUT_frontend_STORE1_2d41d8cd98f00b204e9800998ecf8427e and handles : Please correct the XML data and try again.  [] []
[2017-07-02 22:00:56] main.INFO: Cache file with merged layout: LAYOUT_frontend_STORE1_2d41d8cd98f00b204e9800998ecf8427e and handles : Please correct the XML data and try again.  [] []
[2017-07-02 22:00:59] main.INFO: Cache file with merged layout: LAYOUT_frontend_STORE1_2d41d8cd98f00b204e9800998ecf8427e and handles : Please correct the XML data and try again.  [] []
[2017-07-02 22:00:59] main.INFO: Cache file with merged layout: LAYOUT_frontend_STORE1_2d41d8cd98f00b204e9800998ecf8427e and handles : Please correct the XML data and try again.  [] []
[2017-07-02 22:01:05] main.INFO: Cache file with merged layout: LAYOUT_frontend_STORE1_2d41d8cd98f00b204e9800998ecf8427e and handles : Please correct the XML data and try again.  [] []
[2017-07-02 22:01:16] main.CRITICAL: Broken reference: the 'catalog.compare.sidebar' element cannot be added as child to 'sidebar.additional', because the latter doesn't exist [] []
[2017-07-02 22:01:16] main.CRITICAL: Broken reference: the 'sale.reorder.sidebar' element cannot be added as child to 'sidebar.additional', because the latter doesn't exist [] []
[2017-07-02 22:01:16] main.CRITICAL: Broken reference: the 'wishlist_sidebar' element cannot be added as child to 'sidebar.additional', because the latter doesn't exist [] []
[2017-07-02 22:01:16] main.CRITICAL: Broken reference: the 'product.info.price' tries to reorder itself towards 'product.info.review', but their parents are different: 'product.info.main' and 'product.info.price' respectively. [] []
[2017-07-02 22:01:16] main.CRITICAL: Broken reference: the 'product.price.final' tries to reorder itself towards 'product.info.sku', but their parents are different: 'product.info.price' and 'product.info.stock.sku' respectively. [] []
[2017-07-02 22:01:16] main.CRITICAL: Broken reference: the 'product.info.social' tries to reorder itself towards 'product.info.overview', but their parents are different: 'product.info.extrahint' and 'product.info.main' respectively. [] []
[2017-07-02 22:01:16] main.CRITICAL: Broken reference: the 'view.addto.wishlist' tries to reorder itself towards 'view.addto.requisition', but their parents are different: 'product.info.addto' and '' respectively. [] []
[2017-07-02 22:01:16] main.CRITICAL: Broken reference: the 'bml.right.logo' tries to reorder itself towards 'product.info.addtocart.paypal', but their parents are different: 'product.info.addtocart' and '' respectively. [] []
[2017-07-02 22:01:18] main.INFO: Cache file with merged layout: LAYOUT_frontend_STORE1_2d41d8cd98f00b204e9800998ecf8427e and handles : Please correct the XML data and try again.  [] []
[2017-07-02 22:01:28] main.INFO: Cache file with merged layout: LAYOUT_frontend_STORE1_28f8f27b8478aea82e0ee080b652907b7 and handles default, catalogsearch_result_index: Please correct the XML data and try again.  [] []
[2017-07-02 22:01:30] main.INFO: Cache file with merged layout: LAYOUT_frontend_STORE1_2dabcb7e15fb966b8c44e3e075133abef and handles default, catalog_product_view, catalog_product_view_id_2, catalog_product_view_sku_24-MB04, catalog_product_view_type_simple: Please correct the XML data and try again.  [] []
[2017-07-02 22:01:30] main.CRITICAL: Broken reference: the 'catalog.compare.sidebar' element cannot be added as child to 'sidebar.additional', because the latter doesn't exist [] []
[2017-07-02 22:01:30] main.CRITICAL: Broken reference: the 'sale.reorder.sidebar' element cannot be added as child to 'sidebar.additional', because the latter doesn't exist [] []
[2017-07-02 22:01:30] main.CRITICAL: Broken reference: the 'wishlist_sidebar' element cannot be added as child to 'sidebar.additional', because the latter doesn't exist [] []
[2017-07-02 22:01:30] main.CRITICAL: Broken reference: the 'product.info.price' tries to reorder itself towards 'product.info.review', but their parents are different: 'product.info.main' and 'product.info.price' respectively. [] []
[2017-07-02 22:01:30] main.CRITICAL: Broken reference: the 'product.price.final' tries to reorder itself towards 'product.info.sku', but their parents are different: 'product.info.price' and 'product.info.stock.sku' respectively. [] []
[2017-07-02 22:01:30] main.CRITICAL: Broken reference: the 'product.info.social' tries to reorder itself towards 'product.info.overview', but their parents are different: 'product.info.extrahint' and 'product.info.main' respectively. [] []
[2017-07-02 22:01:30] main.CRITICAL: Broken reference: the 'view.addto.wishlist' tries to reorder itself towards 'view.addto.requisition', but their parents are different: 'product.info.addto' and '' respectively. [] []
[2017-07-02 22:01:30] main.CRITICAL: Broken reference: the 'bml.right.logo' tries to reorder itself towards 'product.info.addtocart.paypal', but their parents are different: 'product.info.addtocart' and '' respectively. [] []
[2017-07-02 22:01:33] main.INFO: Cache file with merged layout: LAYOUT_frontend_STORE1_2d41d8cd98f00b204e9800998ecf8427e and handles : Please correct the XML data and try again.  [] []
[2017-07-02 22:01:37] main.INFO: Cache file with merged layout: LAYOUT_frontend_STORE1_29779d713e3fbb1543956771d12cf7164 and handles default, checkout_index_index: Please correct the XML data and try again.  [] []
[2017-07-02 22:01:37] main.INFO: Cache file with merged layout: LAYOUT_frontend_STORE1_2177627f91af678a9b03e993f1a91917f and handles checkout: Please correct the XML data and try again.  [] []
[2017-07-02 22:01:37] main.CRITICAL: Broken reference: the 'header.panel.wrapper' element cannot be added as child to 'header.container', because the latter doesn't exist [] []
[2017-07-02 22:01:37] main.CRITICAL: Broken reference: the 'header-wrapper' element cannot be added as child to 'header.container', because the latter doesn't exist [] []
[2017-07-02 22:01:37] main.CRITICAL: Broken reference: the 'navigation.sections' element cannot be added as child to 'page.top', because the latter doesn't exist [] []
[2017-07-02 22:01:37] main.CRITICAL: Broken reference: the 'top.container' element cannot be added as child to 'page.top', because the latter doesn't exist [] []
[2017-07-02 22:01:37] main.CRITICAL: Broken reference: the 'breadcrumbs' element cannot be added as child to 'page.top', because the latter doesn't exist [] []
[2017-07-02 22:01:37] main.CRITICAL: Broken reference: the 'footer' element cannot be added as child to 'footer-container', because the latter doesn't exist [] []
[2017-07-02 22:01:37] main.CRITICAL: Broken reference: the 'catalog.compare.sidebar' element cannot be added as child to 'sidebar.additional', because the latter doesn't exist [] []
[2017-07-02 22:01:37] main.CRITICAL: Broken reference: the 'sale.reorder.sidebar' element cannot be added as child to 'sidebar.additional', because the latter doesn't exist [] []
[2017-07-02 22:01:37] main.CRITICAL: Broken reference: the 'wishlist_sidebar' element cannot be added as child to 'sidebar.additional', because the latter doesn't exist [] []
[2017-07-02 22:01:37] main.CRITICAL: Broken reference: the 'header.panel.wrapper' tries to reorder itself towards '', but their parents are different: 'header.container' and '' respectively. [] []
[2017-07-02 22:01:37] main.CRITICAL: Broken reference: the 'navigation.sections' tries to reorder itself towards '', but their parents are different: 'page.top' and '' respectively. [] []
[2017-07-03 17:47:28] main.CRITICAL: Broken reference: the 'catalog.compare.sidebar' element cannot be added as child to 'sidebar.additional', because the latter doesn't exist [] []
[2017-07-03 17:47:28] main.CRITICAL: Broken reference: the 'sale.reorder.sidebar' element cannot be added as child to 'sidebar.additional', because the latter doesn't exist [] []
[2017-07-03 17:47:28] main.CRITICAL: Broken reference: the 'wishlist_sidebar' element cannot be added as child to 'sidebar.additional', because the latter doesn't exist [] []
[2017-07-03 17:47:28] main.CRITICAL: Broken reference: the 'paypal.partner.right.logo' element cannot be added as child to 'sidebar.additional', because the latter doesn't exist [] []
[2017-07-03 17:47:28] main.CRITICAL: Broken reference: the 'bml.right.logo' element cannot be added as child to 'sidebar.additional', because the latter doesn't exist [] []
[2017-07-03 17:47:30] main.INFO: Cache file with merged layout: LAYOUT_frontend_STORE1_2d41d8cd98f00b204e9800998ecf8427e and handles : Please correct the XML data and try again.  [] []
[2017-07-03 17:47:30] main.INFO: Cache file with merged layout: LAYOUT_frontend_STORE1_2d41d8cd98f00b204e9800998ecf8427e and handles : Please correct the XML data and try again.  [] []
[2017-07-03 17:50:47] main.INFO: Cache file with merged layout: LAYOUT_frontend_STORE1_2d41d8cd98f00b204e9800998ecf8427e and handles : Please correct the XML data and try again.  [] []
[2017-07-03 17:50:47] main.INFO: Cache file with merged layout: LAYOUT_frontend_STORE1_2d41d8cd98f00b204e9800998ecf8427e and handles : Please correct the XML data and try again.  [] []
[2017-07-03 17:51:09] main.INFO: Cache file with merged layout: LAYOUT_adminhtml_STORE1_3c470299521325284ed2f872fb317d47b and handles default, adminhtml_auth_login: Please correct the XML data and try again.  [] []
[2017-07-03 17:51:09] main.INFO: Cache file with merged layout: LAYOUT_adminhtml_STORE1_331b80c99f1d265b3f83441bdff2abf85 and handles admin-login: Please correct the XML data and try again.  [] []
[2017-07-03 17:51:09] main.CRITICAL: Broken reference: the 'global_notices' element cannot be added as child to 'global.notices', because the latter doesn't exist [] []
[2017-07-03 17:51:09] main.CRITICAL: Broken reference: the 'logo' element cannot be added as child to 'header', because the latter doesn't exist [] []
[2017-07-03 17:51:09] main.CRITICAL: Broken reference: the 'global.search' element cannot be added as child to 'header', because the latter doesn't exist [] []
[2017-07-03 17:51:09] main.CRITICAL: Broken reference: the 'user' element cannot be added as child to 'header', because the latter doesn't exist [] []
[2017-07-03 17:51:09] main.CRITICAL: Broken reference: the 'menu' element cannot be added as child to 'page.menu', because the latter doesn't exist [] []
[2017-07-03 17:51:09] main.CRITICAL: Broken reference: the 'breadcrumbs' element cannot be added as child to 'page.breadcrumbs', because the latter doesn't exist [] []
[2017-07-03 17:51:09] main.CRITICAL: Broken reference: the 'formkey' element cannot be added as child to 'page.formkey', because the latter doesn't exist [] []
[2017-07-03 17:51:09] main.CRITICAL: Broken reference: the 'page.title' element cannot be added as child to 'main.top', because the latter doesn't exist [] []
[2017-07-03 17:51:09] main.CRITICAL: Broken reference: the 'messages' element cannot be added as child to 'page.messages', because the latter doesn't exist [] []
[2017-07-03 17:51:09] main.CRITICAL: Broken reference: the 'page.actions.toolbar' element cannot be added as child to 'page.main.actions', because the latter doesn't exist [] []
[2017-07-03 17:51:09] main.CRITICAL: Broken reference: the 'legal' element cannot be added as child to 'footer', because the latter doesn't exist [] []
[2017-07-03 17:51:09] main.CRITICAL: Broken reference: the 'system_messages' element cannot be added as child to 'notifications', because the latter doesn't exist [] []
[2017-07-03 17:51:09] main.CRITICAL: Broken reference: the 'unread_system_messages' element cannot be added as child to 'notifications', because the latter doesn't exist [] []
[2017-07-03 17:51:09] main.CRITICAL: Broken reference: the 'notification_window' element cannot be added as child to 'notifications', because the latter doesn't exist [] []
[2017-07-03 17:51:09] main.CRITICAL: Broken reference: the 'notification.messages' element cannot be added as child to 'header', because the latter doesn't exist [] []
[2017-07-03 17:51:09] main.CRITICAL: Broken reference: the 'header.inner.left' element cannot be added as child to 'header', because the latter doesn't exist [] []
[2017-07-03 17:51:09] main.CRITICAL: Broken reference: the 'header.inner.right' element cannot be added as child to 'header', because the latter doesn't exist [] []
[2017-07-03 17:51:09] main.CRITICAL: Broken reference: the 'logo' tries to reorder itself towards '', but their parents are different: 'header' and '' respectively. [] []
[2017-07-03 17:51:09] main.CRITICAL: Broken reference: the 'global.search' tries to reorder itself towards 'logo', but their parents are different: 'header' and '' respectively. [] []
[2017-07-03 17:51:09] main.CRITICAL: Broken reference: the 'user' tries to reorder itself towards '', but their parents are different: 'header' and '' respectively. [] []
[2017-07-03 17:51:09] main.CRITICAL: Broken reference: the 'page.actions.toolbar' tries to reorder itself towards '', but their parents are different: 'page.main.actions' and '' respectively. [] []
[2017-07-03 17:51:09] main.CRITICAL: Broken reference: the 'system_messages' tries to reorder itself towards '', but their parents are different: 'notifications' and '' respectively. [] []
[2017-07-03 17:51:09] main.CRITICAL: Broken reference: the 'unread_system_messages' tries to reorder itself towards 'system_messages', but their parents are different: 'notifications' and '' respectively. [] []
[2017-07-03 17:51:09] main.CRITICAL: Broken reference: the 'notification.messages' tries to reorder itself towards 'user', but their parents are different: 'header' and '' respectively. [] []
[2017-07-03 17:51:09] main.CRITICAL: Broken reference: the 'header.inner.left' tries to reorder itself towards '', but their parents are different: 'header' and '' respectively. [] []
[2017-07-03 17:51:09] main.CRITICAL: Broken reference: the 'header.inner.right' tries to reorder itself towards 'header.inner.left', but their parents are different: 'header' and '' respectively. [] []
[2017-07-03 17:51:09] main.CRITICAL: Broken reference: the 'global.search' tries to reorder itself towards 'notification.messages', but their parents are different: 'header.inner.right' and '' respectively. [] []
[2017-07-03 17:51:11] main.INFO: Cache file with merged layout: LAYOUT_adminhtml_STORE1_391fccd54da687afc76a5d6559b714906 and handles default, adminhtml_dashboard_index: Please correct the XML data and try again.  [] []
[2017-07-03 17:51:11] main.CRITICAL: Broken reference: the 'header' tries to reorder itself towards 'global.notices', but their parents are different: 'page.wrapper' and 'notices.wrapper' respectively. [] []
[2017-07-03 17:51:11] main.CRITICAL: Broken reference: the 'page.breadcrumbs' tries to reorder itself towards 'notifications', but their parents are different: 'page.wrapper' and 'notices.wrapper' respectively. [] []
[2017-07-03 17:51:11] main.CRITICAL: Broken reference: the 'global.search' tries to reorder itself towards 'notification.messages', but their parents are different: 'header.inner.right' and 'header' respectively. [] []
[2017-07-03 17:51:26] main.CRITICAL: Broken reference: the 'header' tries to reorder itself towards 'global.notices', but their parents are different: 'page.wrapper' and 'notices.wrapper' respectively. [] []
[2017-07-03 17:51:26] main.CRITICAL: Broken reference: the 'page.breadcrumbs' tries to reorder itself towards 'notifications', but their parents are different: 'page.wrapper' and 'notices.wrapper' respectively. [] []
[2017-07-03 17:51:26] main.CRITICAL: Broken reference: the 'global.search' tries to reorder itself towards 'notification.messages', but their parents are different: 'header.inner.right' and 'header' respectively. [] []
[2017-07-03 17:51:31] main.INFO: Cache file with merged layout: LAYOUT_adminhtml_STORE0_31d5ed1d21fc106e91a3b31fa91f7e26d and handles default, catalog_category_edit: Please correct the XML data and try again.  [] []
[2017-07-03 17:51:31] main.INFO: Cache file with merged layout: LAYOUT_adminhtml_STORE0_3793edbdc1c00dd1c3aa9e1b3dc856b39 and handles admin-2columns-left: Please correct the XML data and try again.  [] []
[2017-07-03 17:51:31] main.CRITICAL: Broken reference: the 'header' tries to reorder itself towards 'global.notices', but their parents are different: 'page.wrapper' and 'notices.wrapper' respectively. [] []
[2017-07-03 17:51:31] main.CRITICAL: Broken reference: the 'page.breadcrumbs' tries to reorder itself towards 'notifications', but their parents are different: 'page.wrapper' and 'notices.wrapper' respectively. [] []
[2017-07-03 17:51:31] main.CRITICAL: Broken reference: the 'global.search' tries to reorder itself towards 'notification.messages', but their parents are different: 'header.inner.right' and 'header' respectively. [] []
[2017-07-03 17:51:37] main.CRITICAL: Broken reference: the 'header' tries to reorder itself towards 'global.notices', but their parents are different: 'page.wrapper' and 'notices.wrapper' respectively. [] []
[2017-07-03 17:51:37] main.CRITICAL: Broken reference: the 'page.breadcrumbs' tries to reorder itself towards 'notifications', but their parents are different: 'page.wrapper' and 'notices.wrapper' respectively. [] []
[2017-07-03 17:51:37] main.CRITICAL: Broken reference: the 'global.search' tries to reorder itself towards 'notification.messages', but their parents are different: 'header.inner.right' and 'header' respectively. [] []
[2017-07-03 17:51:42] main.CRITICAL: Broken reference: the 'header' tries to reorder itself towards 'global.notices', but their parents are different: 'page.wrapper' and 'notices.wrapper' respectively. [] []
[2017-07-03 17:51:42] main.CRITICAL: Broken reference: the 'page.breadcrumbs' tries to reorder itself towards 'notifications', but their parents are different: 'page.wrapper' and 'notices.wrapper' respectively. [] []
[2017-07-03 17:51:42] main.CRITICAL: Broken reference: the 'global.search' tries to reorder itself towards 'notification.messages', but their parents are different: 'header.inner.right' and 'header' respectively. [] []
[2017-07-03 17:51:48] main.CRITICAL: Broken reference: the 'header' tries to reorder itself towards 'global.notices', but their parents are different: 'page.wrapper' and 'notices.wrapper' respectively. [] []
[2017-07-03 17:51:48] main.CRITICAL: Broken reference: the 'page.breadcrumbs' tries to reorder itself towards 'notifications', but their parents are different: 'page.wrapper' and 'notices.wrapper' respectively. [] []
[2017-07-03 17:51:48] main.CRITICAL: Broken reference: the 'global.search' tries to reorder itself towards 'notification.messages', but their parents are different: 'header.inner.right' and 'header' respectively. [] []
[2017-07-03 17:52:22] main.CRITICAL: Broken reference: the 'header' tries to reorder itself towards 'global.notices', but their parents are different: 'page.wrapper' and 'notices.wrapper' respectively. [] []
[2017-07-03 17:52:22] main.CRITICAL: Broken reference: the 'page.breadcrumbs' tries to reorder itself towards 'notifications', but their parents are different: 'page.wrapper' and 'notices.wrapper' respectively. [] []
[2017-07-03 17:52:22] main.CRITICAL: Broken reference: the 'global.search' tries to reorder itself towards 'notification.messages', but their parents are different: 'header.inner.right' and 'header' respectively. [] []
[2017-07-03 17:53:11] main.CRITICAL: Broken reference: the 'catalog.compare.sidebar' element cannot be added as child to 'sidebar.additional', because the latter doesn't exist [] []
[2017-07-03 17:53:11] main.CRITICAL: Broken reference: the 'sale.reorder.sidebar' element cannot be added as child to 'sidebar.additional', because the latter doesn't exist [] []
[2017-07-03 17:53:11] main.CRITICAL: Broken reference: the 'wishlist_sidebar' element cannot be added as child to 'sidebar.additional', because the latter doesn't exist [] []
[2017-07-03 17:53:11] main.CRITICAL: Broken reference: the 'product.info.price' tries to reorder itself towards 'product.info.review', but their parents are different: 'product.info.main' and 'product.info.price' respectively. [] []
[2017-07-03 17:53:11] main.CRITICAL: Broken reference: the 'product.price.final' tries to reorder itself towards 'product.info.sku', but their parents are different: 'product.info.price' and 'product.info.stock.sku' respectively. [] []
[2017-07-03 17:53:11] main.CRITICAL: Broken reference: the 'product.info.social' tries to reorder itself towards 'product.info.overview', but their parents are different: 'product.info.extrahint' and 'product.info.main' respectively. [] []
[2017-07-03 17:53:11] main.CRITICAL: Broken reference: the 'view.addto.wishlist' tries to reorder itself towards 'view.addto.requisition', but their parents are different: 'product.info.addto' and '' respectively. [] []
[2017-07-03 17:53:11] main.CRITICAL: Broken reference: the 'bml.right.logo' tries to reorder itself towards 'product.info.addtocart.paypal', but their parents are different: 'product.info.addtocart' and '' respectively. [] []
[2017-07-03 17:54:31] main.INFO: Cache file with merged layout: LAYOUT_adminhtml_STORE1_3c4aeb00db6a394ed5a76424a54e4bfd3 and handles default, adminhtml_system_config_edit: Please correct the XML data and try again.  [] []
[2017-07-03 17:54:31] main.INFO: Cache file with merged layout: LAYOUT_adminhtml_STORE1_3793edbdc1c00dd1c3aa9e1b3dc856b39 and handles admin-2columns-left: Please correct the XML data and try again.  [] []
[2017-07-03 17:54:31] main.CRITICAL: Broken reference: the 'header' tries to reorder itself towards 'global.notices', but their parents are different: 'page.wrapper' and 'notices.wrapper' respectively. [] []
[2017-07-03 17:54:31] main.CRITICAL: Broken reference: the 'page.breadcrumbs' tries to reorder itself towards 'notifications', but their parents are different: 'page.wrapper' and 'notices.wrapper' respectively. [] []
[2017-07-03 17:54:31] main.CRITICAL: Broken reference: the 'global.search' tries to reorder itself towards 'notification.messages', but their parents are different: 'header.inner.right' and 'header' respectively. [] []
[2017-07-03 17:57:22] main.CRITICAL: Broken reference: the 'header' tries to reorder itself towards 'global.notices', but their parents are different: 'page.wrapper' and 'notices.wrapper' respectively. [] []
[2017-07-03 17:57:22] main.CRITICAL: Broken reference: the 'page.breadcrumbs' tries to reorder itself towards 'notifications', but their parents are different: 'page.wrapper' and 'notices.wrapper' respectively. [] []
[2017-07-03 17:57:22] main.CRITICAL: Broken reference: the 'global.search' tries to reorder itself towards 'notification.messages', but their parents are different: 'header.inner.right' and 'header' respectively. [] []
[2017-07-03 17:59:34] main.CRITICAL: Broken reference: the 'header' tries to reorder itself towards 'global.notices', but their parents are different: 'page.wrapper' and 'notices.wrapper' respectively. [] []
[2017-07-03 17:59:34] main.CRITICAL: Broken reference: the 'page.breadcrumbs' tries to reorder itself towards 'notifications', but their parents are different: 'page.wrapper' and 'notices.wrapper' respectively. [] []
[2017-07-03 17:59:34] main.CRITICAL: Broken reference: the 'global.search' tries to reorder itself towards 'notification.messages', but their parents are different: 'header.inner.right' and 'header' respectively. [] []
[2017-07-07 19:56:50] main.CRITICAL: Broken reference: the 'catalog.compare.sidebar' element cannot be added as child to 'sidebar.additional', because the latter doesn't exist [] []
[2017-07-07 19:56:50] main.CRITICAL: Broken reference: the 'sale.reorder.sidebar' element cannot be added as child to 'sidebar.additional', because the latter doesn't exist [] []
[2017-07-07 19:56:50] main.CRITICAL: Broken reference: the 'wishlist_sidebar' element cannot be added as child to 'sidebar.additional', because the latter doesn't exist [] []
[2017-07-07 19:56:50] main.CRITICAL: Broken reference: the 'paypal.partner.right.logo' element cannot be added as child to 'sidebar.additional', because the latter doesn't exist [] []
[2017-07-07 19:56:50] main.CRITICAL: Broken reference: the 'bml.right.logo' element cannot be added as child to 'sidebar.additional', because the latter doesn't exist [] []
[2017-07-07 19:56:53] main.INFO: Cache file with merged layout: LAYOUT_frontend_STORE1_2d41d8cd98f00b204e9800998ecf8427e and handles : Please correct the XML data and try again.  [] []
[2017-07-07 19:56:53] main.INFO: Cache file with merged layout: LAYOUT_frontend_STORE1_2d41d8cd98f00b204e9800998ecf8427e and handles : Please correct the XML data and try again.  [] []
[2017-07-07 19:56:54] main.INFO: Cache file with merged layout: LAYOUT_frontend_STORE1_2d41d8cd98f00b204e9800998ecf8427e and handles : Please correct the XML data and try again.  [] []
[2017-07-07 19:56:54] main.INFO: Cache file with merged layout: LAYOUT_frontend_STORE1_2d41d8cd98f00b204e9800998ecf8427e and handles : Please correct the XML data and try again.  [] []
[2017-07-07 19:56:57] main.INFO: Cache file with merged layout: LAYOUT_frontend_STORE1_224fc0761c67b95e3616c57198e2e66e5 and handles default, catalog_category_view, catalog_category_view_type_layered, catalog_category_view_id_12: Please correct the XML data and try again.  [] []
[2017-07-07 19:57:09] main.INFO: Cache file with merged layout: LAYOUT_frontend_STORE1_2d8a9c461f5961b17c715bf09d59982b2 and handles default, catalog_product_view, catalog_product_view_id_6, catalog_product_view_sku_24-MB02, catalog_product_view_type_simple: Please correct the XML data and try again.  [] []
[2017-07-07 19:57:09] main.CRITICAL: Broken reference: the 'catalog.compare.sidebar' element cannot be added as child to 'sidebar.additional', because the latter doesn't exist [] []
[2017-07-07 19:57:09] main.CRITICAL: Broken reference: the 'sale.reorder.sidebar' element cannot be added as child to 'sidebar.additional', because the latter doesn't exist [] []
[2017-07-07 19:57:09] main.CRITICAL: Broken reference: the 'wishlist_sidebar' element cannot be added as child to 'sidebar.additional', because the latter doesn't exist [] []
[2017-07-07 19:57:09] main.CRITICAL: Broken reference: the 'product.info.price' tries to reorder itself towards 'product.info.review', but their parents are different: 'product.info.main' and 'product.info.price' respectively. [] []
[2017-07-07 19:57:09] main.CRITICAL: Broken reference: the 'product.price.final' tries to reorder itself towards 'product.info.sku', but their parents are different: 'product.info.price' and 'product.info.stock.sku' respectively. [] []
[2017-07-07 19:57:09] main.CRITICAL: Broken reference: the 'product.info.social' tries to reorder itself towards 'product.info.overview', but their parents are different: 'product.info.extrahint' and 'product.info.main' respectively. [] []
[2017-07-07 19:57:09] main.CRITICAL: Broken reference: the 'view.addto.wishlist' tries to reorder itself towards 'view.addto.requisition', but their parents are different: 'product.info.addto' and '' respectively. [] []
[2017-07-07 19:57:09] main.CRITICAL: Broken reference: the 'bml.right.logo' tries to reorder itself towards 'product.info.addtocart.paypal', but their parents are different: 'product.info.addtocart' and '' respectively. [] []
[2017-07-07 20:05:43] main.CRITICAL: Broken reference: the 'global_notices' element cannot be added as child to 'global.notices', because the latter doesn't exist [] []
[2017-07-07 20:05:43] main.CRITICAL: Broken reference: the 'logo' element cannot be added as child to 'header', because the latter doesn't exist [] []
[2017-07-07 20:05:43] main.CRITICAL: Broken reference: the 'global.search' element cannot be added as child to 'header', because the latter doesn't exist [] []
[2017-07-07 20:05:43] main.CRITICAL: Broken reference: the 'user' element cannot be added as child to 'header', because the latter doesn't exist [] []
[2017-07-07 20:05:43] main.CRITICAL: Broken reference: the 'menu' element cannot be added as child to 'page.menu', because the latter doesn't exist [] []
[2017-07-07 20:05:43] main.CRITICAL: Broken reference: the 'breadcrumbs' element cannot be added as child to 'page.breadcrumbs', because the latter doesn't exist [] []
[2017-07-07 20:05:43] main.CRITICAL: Broken reference: the 'formkey' element cannot be added as child to 'page.formkey', because the latter doesn't exist [] []
[2017-07-07 20:05:43] main.CRITICAL: Broken reference: the 'page.title' element cannot be added as child to 'main.top', because the latter doesn't exist [] []
[2017-07-07 20:05:43] main.CRITICAL: Broken reference: the 'messages' element cannot be added as child to 'page.messages', because the latter doesn't exist [] []
[2017-07-07 20:05:43] main.CRITICAL: Broken reference: the 'page.actions.toolbar' element cannot be added as child to 'page.main.actions', because the latter doesn't exist [] []
[2017-07-07 20:05:43] main.CRITICAL: Broken reference: the 'legal' element cannot be added as child to 'footer', because the latter doesn't exist [] []
[2017-07-07 20:05:43] main.CRITICAL: Broken reference: the 'system_messages' element cannot be added as child to 'notifications', because the latter doesn't exist [] []
[2017-07-07 20:05:43] main.CRITICAL: Broken reference: the 'unread_system_messages' element cannot be added as child to 'notifications', because the latter doesn't exist [] []
[2017-07-07 20:05:43] main.CRITICAL: Broken reference: the 'notification_window' element cannot be added as child to 'notifications', because the latter doesn't exist [] []
[2017-07-07 20:05:43] main.CRITICAL: Broken reference: the 'notification.messages' element cannot be added as child to 'header', because the latter doesn't exist [] []
[2017-07-07 20:05:43] main.CRITICAL: Broken reference: the 'header.inner.left' element cannot be added as child to 'header', because the latter doesn't exist [] []
[2017-07-07 20:05:43] main.CRITICAL: Broken reference: the 'header.inner.right' element cannot be added as child to 'header', because the latter doesn't exist [] []
[2017-07-07 20:05:43] main.CRITICAL: Broken reference: the 'logo' tries to reorder itself towards '', but their parents are different: 'header' and '' respectively. [] []
[2017-07-07 20:05:43] main.CRITICAL: Broken reference: the 'global.search' tries to reorder itself towards 'logo', but their parents are different: 'header' and '' respectively. [] []
[2017-07-07 20:05:43] main.CRITICAL: Broken reference: the 'user' tries to reorder itself towards '', but their parents are different: 'header' and '' respectively. [] []
[2017-07-07 20:05:43] main.CRITICAL: Broken reference: the 'page.actions.toolbar' tries to reorder itself towards '', but their parents are different: 'page.main.actions' and '' respectively. [] []
[2017-07-07 20:05:43] main.CRITICAL: Broken reference: the 'system_messages' tries to reorder itself towards '', but their parents are different: 'notifications' and '' respectively. [] []
[2017-07-07 20:05:43] main.CRITICAL: Broken reference: the 'unread_system_messages' tries to reorder itself towards 'system_messages', but their parents are different: 'notifications' and '' respectively. [] []
[2017-07-07 20:05:43] main.CRITICAL: Broken reference: the 'notification.messages' tries to reorder itself towards 'user', but their parents are different: 'header' and '' respectively. [] []
[2017-07-07 20:05:43] main.CRITICAL: Broken reference: the 'header.inner.left' tries to reorder itself towards '', but their parents are different: 'header' and '' respectively. [] []
[2017-07-07 20:05:43] main.CRITICAL: Broken reference: the 'header.inner.right' tries to reorder itself towards 'header.inner.left', but their parents are different: 'header' and '' respectively. [] []
[2017-07-07 20:05:43] main.CRITICAL: Broken reference: the 'global.search' tries to reorder itself towards 'notification.messages', but their parents are different: 'header.inner.right' and '' respectively. [] []
[2017-07-07 20:05:45] main.CRITICAL: Broken reference: the 'header' tries to reorder itself towards 'global.notices', but their parents are different: 'page.wrapper' and 'notices.wrapper' respectively. [] []
[2017-07-07 20:05:45] main.CRITICAL: Broken reference: the 'page.breadcrumbs' tries to reorder itself towards 'notifications', but their parents are different: 'page.wrapper' and 'notices.wrapper' respectively. [] []
[2017-07-07 20:05:45] main.CRITICAL: Broken reference: the 'global.search' tries to reorder itself towards 'notification.messages', but their parents are different: 'header.inner.right' and 'header' respectively. [] []
[2017-07-07 20:05:58] main.INFO: Cache file with merged layout: LAYOUT_adminhtml_STORE1_3f695f3c45c1eb298da135279fb0721d6 and handles default, cms_block_index: Please correct the XML data and try again.  [] []
[2017-07-07 20:05:58] main.CRITICAL: Broken reference: the 'header' tries to reorder itself towards 'global.notices', but their parents are different: 'page.wrapper' and 'notices.wrapper' respectively. [] []
[2017-07-07 20:05:58] main.CRITICAL: Broken reference: the 'page.breadcrumbs' tries to reorder itself towards 'notifications', but their parents are different: 'page.wrapper' and 'notices.wrapper' respectively. [] []
[2017-07-07 20:05:58] main.CRITICAL: Broken reference: the 'global.search' tries to reorder itself towards 'notification.messages', but their parents are different: 'header.inner.right' and 'header' respectively. [] []
[2017-07-07 20:06:00] main.INFO: Cache file with merged layout: LAYOUT_adminhtml_STORE1_3d41d8cd98f00b204e9800998ecf8427e and handles : Please correct the XML data and try again.  [] []
[2017-07-07 20:06:37] main.INFO: Cache file with merged layout: LAYOUT_adminhtml_STORE1_37b9610083073b7214705b2833f1c1d02 and handles default, theme_design_config_index: Please correct the XML data and try again.  [] []
[2017-07-07 20:06:37] main.CRITICAL: Broken reference: the 'header' tries to reorder itself towards 'global.notices', but their parents are different: 'page.wrapper' and 'notices.wrapper' respectively. [] []
[2017-07-07 20:06:37] main.CRITICAL: Broken reference: the 'page.breadcrumbs' tries to reorder itself towards 'notifications', but their parents are different: 'page.wrapper' and 'notices.wrapper' respectively. [] []
[2017-07-07 20:06:37] main.CRITICAL: Broken reference: the 'global.search' tries to reorder itself towards 'notification.messages', but their parents are different: 'header.inner.right' and 'header' respectively. [] []
[2017-07-07 20:06:39] main.INFO: Cache file with merged layout: LAYOUT_adminhtml_STORE1_3f9220eee70a2d6ffa2430fa663111a07 and handles default, adminhtml_system_design_theme_index: Please correct the XML data and try again.  [] []
[2017-07-07 20:06:40] main.CRITICAL: Broken reference: the 'header' tries to reorder itself towards 'global.notices', but their parents are different: 'page.wrapper' and 'notices.wrapper' respectively. [] []
[2017-07-07 20:06:40] main.CRITICAL: Broken reference: the 'page.breadcrumbs' tries to reorder itself towards 'notifications', but their parents are different: 'page.wrapper' and 'notices.wrapper' respectively. [] []
[2017-07-07 20:06:40] main.CRITICAL: Broken reference: the 'global.search' tries to reorder itself towards 'notification.messages', but their parents are different: 'header.inner.right' and 'header' respectively. [] []
[2017-07-07 20:06:43] main.INFO: Cache file with merged layout: LAYOUT_adminhtml_STORE1_32974943348c6c9fe35677d959cd1de29 and handles default, adminhtml_system_design_index: Please correct the XML data and try again.  [] []
[2017-07-07 20:06:43] main.CRITICAL: Broken reference: the 'header' tries to reorder itself towards 'global.notices', but their parents are different: 'page.wrapper' and 'notices.wrapper' respectively. [] []
[2017-07-07 20:06:43] main.CRITICAL: Broken reference: the 'page.breadcrumbs' tries to reorder itself towards 'notifications', but their parents are different: 'page.wrapper' and 'notices.wrapper' respectively. [] []
[2017-07-07 20:06:43] main.CRITICAL: Broken reference: the 'global.search' tries to reorder itself towards 'notification.messages', but their parents are different: 'header.inner.right' and 'header' respectively. [] []
[2017-07-07 20:06:47] main.INFO: Cache file with merged layout: LAYOUT_adminhtml_STORE1_3a797d2fff3550d21d2a7134867fbfd96 and handles default, adminhtml_system_design_edit: Please correct the XML data and try again.  [] []
[2017-07-07 20:06:47] main.CRITICAL: Broken reference: the 'header' tries to reorder itself towards 'global.notices', but their parents are different: 'page.wrapper' and 'notices.wrapper' respectively. [] []
[2017-07-07 20:06:47] main.CRITICAL: Broken reference: the 'page.breadcrumbs' tries to reorder itself towards 'notifications', but their parents are different: 'page.wrapper' and 'notices.wrapper' respectively. [] []
[2017-07-07 20:06:47] main.CRITICAL: Broken reference: the 'global.search' tries to reorder itself towards 'notification.messages', but their parents are different: 'header.inner.right' and 'header' respectively. [] []
[2017-07-07 20:06:51] main.CRITICAL: Broken reference: the 'header' tries to reorder itself towards 'global.notices', but their parents are different: 'page.wrapper' and 'notices.wrapper' respectively. [] []
[2017-07-07 20:06:51] main.CRITICAL: Broken reference: the 'page.breadcrumbs' tries to reorder itself towards 'notifications', but their parents are different: 'page.wrapper' and 'notices.wrapper' respectively. [] []
[2017-07-07 20:06:51] main.CRITICAL: Broken reference: the 'global.search' tries to reorder itself towards 'notification.messages', but their parents are different: 'header.inner.right' and 'header' respectively. [] []
[2017-07-07 20:10:13] main.CRITICAL: Broken reference: the 'header' tries to reorder itself towards 'global.notices', but their parents are different: 'page.wrapper' and 'notices.wrapper' respectively. [] []
[2017-07-07 20:10:13] main.CRITICAL: Broken reference: the 'page.breadcrumbs' tries to reorder itself towards 'notifications', but their parents are different: 'page.wrapper' and 'notices.wrapper' respectively. [] []
[2017-07-07 20:10:13] main.CRITICAL: Broken reference: the 'global.search' tries to reorder itself towards 'notification.messages', but their parents are different: 'header.inner.right' and 'header' respectively. [] []
[2017-07-07 20:11:03] main.CRITICAL: Broken reference: the 'header' tries to reorder itself towards 'global.notices', but their parents are different: 'page.wrapper' and 'notices.wrapper' respectively. [] []
[2017-07-07 20:11:03] main.CRITICAL: Broken reference: the 'page.breadcrumbs' tries to reorder itself towards 'notifications', but their parents are different: 'page.wrapper' and 'notices.wrapper' respectively. [] []
[2017-07-07 20:11:03] main.CRITICAL: Broken reference: the 'global.search' tries to reorder itself towards 'notification.messages', but their parents are different: 'header.inner.right' and 'header' respectively. [] []
[2017-07-07 20:14:47] main.CRITICAL: Broken reference: the 'header' tries to reorder itself towards 'global.notices', but their parents are different: 'page.wrapper' and 'notices.wrapper' respectively. [] []
[2017-07-07 20:14:47] main.CRITICAL: Broken reference: the 'page.breadcrumbs' tries to reorder itself towards 'notifications', but their parents are different: 'page.wrapper' and 'notices.wrapper' respectively. [] []
[2017-07-07 20:14:47] main.CRITICAL: Broken reference: the 'global.search' tries to reorder itself towards 'notification.messages', but their parents are different: 'header.inner.right' and 'header' respectively. [] []
[2017-07-10 06:10:31] main.CRITICAL: Broken reference: the 'catalog.compare.sidebar' element cannot be added as child to 'sidebar.additional', because the latter doesn't exist [] []
[2017-07-10 06:10:31] main.CRITICAL: Broken reference: the 'sale.reorder.sidebar' element cannot be added as child to 'sidebar.additional', because the latter doesn't exist [] []
[2017-07-10 06:10:31] main.CRITICAL: Broken reference: the 'wishlist_sidebar' element cannot be added as child to 'sidebar.additional', because the latter doesn't exist [] []
[2017-07-10 06:10:31] main.CRITICAL: Broken reference: the 'paypal.partner.right.logo' element cannot be added as child to 'sidebar.additional', because the latter doesn't exist [] []
[2017-07-10 06:10:31] main.CRITICAL: Broken reference: the 'bml.right.logo' element cannot be added as child to 'sidebar.additional', because the latter doesn't exist [] []
[2017-07-10 06:10:33] main.INFO: Cache file with merged layout: LAYOUT_frontend_STORE1_2d41d8cd98f00b204e9800998ecf8427e and handles : Please correct the XML data and try again.  [] []
[2017-07-10 06:10:33] main.INFO: Cache file with merged layout: LAYOUT_frontend_STORE1_2d41d8cd98f00b204e9800998ecf8427e and handles : Please correct the XML data and try again.  [] []
[2017-07-10 06:10:37] main.INFO: Cache file with merged layout: LAYOUT_frontend_STORE1_2d41d8cd98f00b204e9800998ecf8427e and handles : Please correct the XML data and try again.  [] []
[2017-07-10 06:10:37] main.INFO: Cache file with merged layout: LAYOUT_frontend_STORE1_2d41d8cd98f00b204e9800998ecf8427e and handles : Please correct the XML data and try again.  [] []
[2017-07-10 07:00:35] main.CRITICAL: Broken reference: the 'catalog.compare.sidebar' element cannot be added as child to 'sidebar.additional', because the latter doesn't exist [] []
[2017-07-10 07:00:35] main.CRITICAL: Broken reference: the 'sale.reorder.sidebar' element cannot be added as child to 'sidebar.additional', because the latter doesn't exist [] []
[2017-07-10 07:00:35] main.CRITICAL: Broken reference: the 'wishlist_sidebar' element cannot be added as child to 'sidebar.additional', because the latter doesn't exist [] []
[2017-07-10 07:00:35] main.CRITICAL: Broken reference: the 'product.info.price' tries to reorder itself towards 'product.info.review', but their parents are different: 'product.info.main' and 'product.info.price' respectively. [] []
[2017-07-10 07:00:35] main.CRITICAL: Broken reference: the 'product.price.final' tries to reorder itself towards 'product.info.sku', but their parents are different: 'product.info.price' and 'product.info.stock.sku' respectively. [] []
[2017-07-10 07:00:35] main.CRITICAL: Broken reference: the 'product.info.social' tries to reorder itself towards 'product.info.overview', but their parents are different: 'product.info.extrahint' and 'product.info.main' respectively. [] []
[2017-07-10 07:00:35] main.CRITICAL: Broken reference: the 'view.addto.wishlist' tries to reorder itself towards 'view.addto.requisition', but their parents are different: 'product.info.addto' and '' respectively. [] []
[2017-07-10 07:00:35] main.CRITICAL: Broken reference: the 'bml.right.logo' tries to reorder itself towards 'product.info.addtocart.paypal', but their parents are different: 'product.info.addtocart' and '' respectively. [] []
[2017-07-10 07:00:36] main.INFO: Cache file with merged layout: LAYOUT_frontend_STORE1_2d41d8cd98f00b204e9800998ecf8427e and handles : Please correct the XML data and try again.  [] []
[2017-07-10 07:00:36] main.INFO: Cache file with merged layout: LAYOUT_frontend_STORE1_2d41d8cd98f00b204e9800998ecf8427e and handles : Please correct the XML data and try again.  [] []
[2017-07-10 07:00:42] main.INFO: Cache file with merged layout: LAYOUT_frontend_STORE1_27d615adac118cea9aef93890a97f5acd and handles default, catalog_product_view, catalog_product_view_id_18, catalog_product_view_sku_24-UG02, catalog_product_view_type_simple: Please correct the XML data and try again.  [] []
[2017-07-10 07:00:42] main.CRITICAL: Broken reference: the 'catalog.compare.sidebar' element cannot be added as child to 'sidebar.additional', because the latter doesn't exist [] []
[2017-07-10 07:00:42] main.CRITICAL: Broken reference: the 'sale.reorder.sidebar' element cannot be added as child to 'sidebar.additional', because the latter doesn't exist [] []
[2017-07-10 07:00:42] main.CRITICAL: Broken reference: the 'wishlist_sidebar' element cannot be added as child to 'sidebar.additional', because the latter doesn't exist [] []
[2017-07-10 07:00:42] main.CRITICAL: Broken reference: the 'product.info.price' tries to reorder itself towards 'product.info.review', but their parents are different: 'product.info.main' and 'product.info.price' respectively. [] []
[2017-07-10 07:00:42] main.CRITICAL: Broken reference: the 'product.price.final' tries to reorder itself towards 'product.info.sku', but their parents are different: 'product.info.price' and 'product.info.stock.sku' respectively. [] []
[2017-07-10 07:00:42] main.CRITICAL: Broken reference: the 'product.info.social' tries to reorder itself towards 'product.info.overview', but their parents are different: 'product.info.extrahint' and 'product.info.main' respectively. [] []
[2017-07-10 07:00:42] main.CRITICAL: Broken reference: the 'view.addto.wishlist' tries to reorder itself towards 'view.addto.requisition', but their parents are different: 'product.info.addto' and '' respectively. [] []
[2017-07-10 07:00:42] main.CRITICAL: Broken reference: the 'bml.right.logo' tries to reorder itself towards 'product.info.addtocart.paypal', but their parents are different: 'product.info.addtocart' and '' respectively. [] []
[2017-07-10 07:00:45] main.INFO: Cache file with merged layout: LAYOUT_frontend_STORE1_2d41d8cd98f00b204e9800998ecf8427e and handles : Please correct the XML data and try again.  [] []
[2017-07-10 07:00:45] main.INFO: Cache file with merged layout: LAYOUT_frontend_STORE1_2d41d8cd98f00b204e9800998ecf8427e and handles : Please correct the XML data and try again.  [] []
[2017-07-10 07:00:47] main.CRITICAL: Broken reference: the 'header.panel.wrapper' element cannot be added as child to 'header.container', because the latter doesn't exist [] []
[2017-07-10 07:00:47] main.CRITICAL: Broken reference: the 'header-wrapper' element cannot be added as child to 'header.container', because the latter doesn't exist [] []
[2017-07-10 07:00:47] main.CRITICAL: Broken reference: the 'navigation.sections' element cannot be added as child to 'page.top', because the latter doesn't exist [] []
[2017-07-10 07:00:47] main.CRITICAL: Broken reference: the 'top.container' element cannot be added as child to 'page.top', because the latter doesn't exist [] []
[2017-07-10 07:00:47] main.CRITICAL: Broken reference: the 'breadcrumbs' element cannot be added as child to 'page.top', because the latter doesn't exist [] []
[2017-07-10 07:00:47] main.CRITICAL: Broken reference: the 'footer' element cannot be added as child to 'footer-container', because the latter doesn't exist [] []
[2017-07-10 07:00:47] main.CRITICAL: Broken reference: the 'catalog.compare.sidebar' element cannot be added as child to 'sidebar.additional', because the latter doesn't exist [] []
[2017-07-10 07:00:47] main.CRITICAL: Broken reference: the 'sale.reorder.sidebar' element cannot be added as child to 'sidebar.additional', because the latter doesn't exist [] []
[2017-07-10 07:00:47] main.CRITICAL: Broken reference: the 'wishlist_sidebar' element cannot be added as child to 'sidebar.additional', because the latter doesn't exist [] []
[2017-07-10 07:00:47] main.CRITICAL: Broken reference: the 'header.panel.wrapper' tries to reorder itself towards '', but their parents are different: 'header.container' and '' respectively. [] []
[2017-07-10 07:00:47] main.CRITICAL: Broken reference: the 'navigation.sections' tries to reorder itself towards '', but their parents are different: 'page.top' and '' respectively. [] []
[2017-07-10 07:00:53] main.INFO: Cache file with merged layout: LAYOUT_frontend_STORE1_2e13260053f56644d576f1e487266f9a1 and handles default, checkout_cart_index: Please correct the XML data and try again.  [] []
[2017-07-10 07:00:53] main.CRITICAL: Broken reference: the 'catalog.compare.sidebar' element cannot be added as child to 'sidebar.additional', because the latter doesn't exist [] []
[2017-07-10 07:00:53] main.CRITICAL: Broken reference: the 'sale.reorder.sidebar' element cannot be added as child to 'sidebar.additional', because the latter doesn't exist [] []
[2017-07-10 07:00:53] main.CRITICAL: Broken reference: the 'wishlist_sidebar' element cannot be added as child to 'sidebar.additional', because the latter doesn't exist [] []
[2017-07-10 07:00:53] main.CRITICAL: Broken reference: the 'checkout.cart.item.renderers.gift-card.actions.gift_options' element cannot be added as child to 'checkout.cart.item.renderers.gift-card.actions', because the latter doesn't exist [] []
[2017-07-10 07:00:53] main.CRITICAL: Broken reference: the 'checkout.cart.item.renderers.gift-card.actions.gift_options' tries to reorder itself towards '', but their parents are different: 'checkout.cart.item.renderers.gift-card.actions' and '' respectively. [] []
[2017-07-10 07:01:05] main.CRITICAL: Broken reference: the 'header.panel.wrapper' element cannot be added as child to 'header.container', because the latter doesn't exist [] []
[2017-07-10 07:01:05] main.CRITICAL: Broken reference: the 'header-wrapper' element cannot be added as child to 'header.container', because the latter doesn't exist [] []
[2017-07-10 07:01:05] main.CRITICAL: Broken reference: the 'navigation.sections' element cannot be added as child to 'page.top', because the latter doesn't exist [] []
[2017-07-10 07:01:05] main.CRITICAL: Broken reference: the 'top.container' element cannot be added as child to 'page.top', because the latter doesn't exist [] []
[2017-07-10 07:01:05] main.CRITICAL: Broken reference: the 'breadcrumbs' element cannot be added as child to 'page.top', because the latter doesn't exist [] []
[2017-07-10 07:01:05] main.CRITICAL: Broken reference: the 'footer' element cannot be added as child to 'footer-container', because the latter doesn't exist [] []
[2017-07-10 07:01:05] main.CRITICAL: Broken reference: the 'catalog.compare.sidebar' element cannot be added as child to 'sidebar.additional', because the latter doesn't exist [] []
[2017-07-10 07:01:05] main.CRITICAL: Broken reference: the 'sale.reorder.sidebar' element cannot be added as child to 'sidebar.additional', because the latter doesn't exist [] []
[2017-07-10 07:01:05] main.CRITICAL: Broken reference: the 'wishlist_sidebar' element cannot be added as child to 'sidebar.additional', because the latter doesn't exist [] []
[2017-07-10 07:01:05] main.CRITICAL: Broken reference: the 'header.panel.wrapper' tries to reorder itself towards '', but their parents are different: 'header.container' and '' respectively. [] []
[2017-07-10 07:01:05] main.CRITICAL: Broken reference: the 'navigation.sections' tries to reorder itself towards '', but their parents are different: 'page.top' and '' respectively. [] []
[2017-07-10 08:26:13] main.INFO: Cache file with merged layout: LAYOUT_frontend_STORE1_2d41d8cd98f00b204e9800998ecf8427e and handles : Please correct the XML data and try again.  [] []
[2017-07-10 08:26:13] main.INFO: Cache file with merged layout: LAYOUT_frontend_STORE1_2d41d8cd98f00b204e9800998ecf8427e and handles : Please correct the XML data and try again.  [] []
[2017-07-10 08:26:19] main.INFO: Cache file with merged layout: LAYOUT_frontend_STORE1_2d41d8cd98f00b204e9800998ecf8427e and handles : Please correct the XML data and try again.  [] []
[2017-07-10 08:26:19] main.INFO: Cache file with merged layout: LAYOUT_frontend_STORE1_2d41d8cd98f00b204e9800998ecf8427e and handles : Please correct the XML data and try again.  [] []
